00000001 <2011-01-17 11:04:10>  01 [0000001E] Connect     IP=127.0.0.1
00000002 <2011-01-17 11:04:10>  01 [0000001E] ProcessBuffer - IN
00000003 <2011-01-17 11:04:10>  01 [0000001E] ParseCmdLine - Line GET / HTTP/1.1
00000004 <2011-01-17 11:04:10>  01 [0000001E] ProcessBuffer - complete
00000005 <2011-01-17 11:04:10>  01 [0000001E] ProcessRequest - IN
00000006 <2011-01-17 11:04:10>  01 [0000001E] ProcessRequest - Object /
00000007 <2011-01-17 11:04:10>  01 [0000001E] ProcessRequest - Complete
00000008 <2011-01-17 11:04:40>  01 [0000001E] ReadComplete Size=0
00000009 <2011-01-17 11:04:40>  02 [0000001E] Disconnect  IP=127.0.0.1
0000000A <2011-01-17 11:04:40>  01 [0000001E] ProcessBuffer - IN
0000000B <2011-01-17 11:06:08>  01 [0000001D] Connect     IP=127.0.0.1
0000000C <2011-01-17 11:06:08>  01 [0000001D] ProcessBuffer - IN
0000000D <2011-01-17 11:06:08>  01 [0000001D] ParseCmdLine - Line GET / HTTP/1.1
0000000E <2011-01-17 11:06:08>  01 [0000001D] ProcessBuffer - complete
0000000F <2011-01-17 11:06:08>  01 [0000001D] ProcessRequest - IN
00000010 <2011-01-17 11:06:08>  01 [0000001D] ProcessRequest - Object /
00000011 <2011-01-17 11:06:08>  01 [0000001D] ProcessRequest - Complete
00000012 <2011-01-17 11:06:40>  02 [0000001D] Disconnect  IP=127.0.0.1
00000013 <2011-01-17 11:06:40>  01 [0000001D] ReadComplete Size=0
00000014 <2011-01-17 11:06:40>  01 [0000001D] ProcessBuffer - IN
00000001 <2011-01-17 11:09:05>  01 [0000001E] Connect     IP=127.0.0.1
00000002 <2011-01-17 11:09:05>  01 [0000001E] ProcessBuffer - IN
00000003 <2011-01-17 11:09:05>  01 [0000001E] ParseCmdLine - Line GET / HTTP/1.1
00000004 <2011-01-17 11:09:05>  01 [0000001E] ProcessBuffer - complete
00000005 <2011-01-17 11:09:05>  01 [0000001E] ProcessRequest - IN
00000006 <2011-01-17 11:09:05>  01 [0000001E] ProcessRequest - Object /
00000007 <2011-01-17 11:09:05>  01 [0000001E] ProcessRequest - Complete
00000008 <2011-01-17 11:09:10>  01 [0000001E] ReadComplete Size=513
00000009 <2011-01-17 11:09:10>  01 [0000001E] ProcessBuffer - IN
0000000A <2011-01-17 11:09:10>  01 [0000001E] ParseCmdLine - Line GET / HTTP/1.1
0000000B <2011-01-17 11:09:10>  01 [0000001E] ProcessBuffer - complete
0000000C <2011-01-17 11:09:10>  01 [0000001E] ProcessRequest - IN
0000000D <2011-01-17 11:09:10>  01 [0000001E] ProcessRequest - Object /
0000000E <2011-01-17 11:09:10>  01 [0000001E] ProcessRequest - Complete
0000000F <2011-01-17 11:10:02>  01 [0000001E] ReadComplete Size=0
00000010 <2011-01-17 11:10:02>  01 [0000001E] ProcessBuffer - IN
00000011 <2011-01-17 11:10:02>  02 [0000001E] Disconnect  IP=127.0.0.1
